2020-05-20 21:17:48.385 [main] ERROR org.springframework.boot.SpringApplication - Application run failed
org.springframework.beans.factory.BeanCreationException: Error creating bean with name 'orderController': Injection of @Reference dependencies is failed; nested exception is java.lang.IllegalStateException: zookeeper not connected
	at com.alibaba.spring.beans.factory.annotation.AbstractAnnotationBeanPostProcessor.postProcessPropertyValues(AbstractAnnotationBeanPostProcessor.java:146)
	at org.springframework.beans.factory.support.AbstractAutowireCapableBeanFactory.populateBean(AbstractAutowireCapableBeanFactory.java:1427)
	at org.springframework.beans.factory.support.AbstractAutowireCapableBeanFactory.doCreateBean(AbstractAutowireCapableBeanFactory.java:594)
	at org.springframework.beans.factory.support.AbstractAutowireCapableBeanFactory.createBean(AbstractAutowireCapableBeanFactory.java:517)
	at org.springframework.beans.factory.support.AbstractBeanFactory.lambda$doGetBean$0(AbstractBeanFactory.java:323)
	at org.springframework.beans.factory.support.DefaultSingletonBeanRegistry.getSingleton(DefaultSingletonBeanRegistry.java:222)
	at org.springframework.beans.factory.support.AbstractBeanFactory.doGetBean(AbstractBeanFactory.java:321)
	at org.springframework.beans.factory.support.AbstractBeanFactory.getBean(AbstractBeanFactory.java:202)
	at org.springframework.beans.factory.support.DefaultListableBeanFactory.preInstantiateSingletons(DefaultListableBeanFactory.java:879)
	at org.springframework.context.support.AbstractApplicationContext.finishBeanFactoryInitialization(AbstractApplicationContext.java:878)
	at org.springframework.context.support.AbstractApplicationContext.refresh(AbstractApplicationContext.java:550)
	at org.springframework.boot.web.servlet.context.ServletWebServerApplicationContext.refresh(ServletWebServerApplicationContext.java:141)
	at org.springframework.boot.SpringApplication.refresh(SpringApplication.java:747)
	at org.springframework.boot.SpringApplication.refreshContext(SpringApplication.java:397)
	at org.springframework.boot.SpringApplication.run(SpringApplication.java:315)
	at org.springframework.boot.SpringApplication.run(SpringApplication.java:1226)
	at org.springframework.boot.SpringApplication.run(SpringApplication.java:1215)
	at com.westee.wxshop.WxshopApplication.main(WxshopApplication.java:9)
Caused by: java.lang.IllegalStateException: zookeeper not connected
	at org.apache.dubbo.remoting.zookeeper.curator.CuratorZookeeperClient.<init>(CuratorZookeeperClient.java:83)
	at org.apache.dubbo.remoting.zookeeper.curator.CuratorZookeeperTransporter.createZookeeperClient(CuratorZookeeperTransporter.java:26)
	at org.apache.dubbo.remoting.zookeeper.support.AbstractZookeeperTransporter.connect(AbstractZookeeperTransporter.java:70)
	at org.apache.dubbo.remoting.zookeeper.ZookeeperTransporter$Adaptive.connect(ZookeeperTransporter$Adaptive.java)
	at org.apache.dubbo.configcenter.support.zookeeper.ZookeeperDynamicConfiguration.<init>(ZookeeperDynamicConfiguration.java:70)
	at org.apache.dubbo.configcenter.support.zookeeper.ZookeeperDynamicConfigurationFactory.createDynamicConfiguration(ZookeeperDynamicConfigurationFactory.java:37)
	at org.apache.dubbo.common.config.configcenter.AbstractDynamicConfigurationFactory.lambda$getDynamicConfiguration$0(AbstractDynamicConfigurationFactory.java:39)
	at java.util.concurrent.ConcurrentHashMap.computeIfAbsent(ConcurrentHashMap.java:1660)
	at org.apache.dubbo.common.config.configcenter.AbstractDynamicConfigurationFactory.getDynamicConfiguration(AbstractDynamicConfigurationFactory.java:39)
	at org.apache.dubbo.common.config.configcenter.DynamicConfiguration.getDynamicConfiguration(DynamicConfiguration.java:223)
	at org.apache.dubbo.config.bootstrap.DubboBootstrap.prepareEnvironment(DubboBootstrap.java:857)
	at org.apache.dubbo.config.bootstrap.DubboBootstrap.startConfigCenter(DubboBootstrap.java:603)
	at org.apache.dubbo.config.bootstrap.DubboBootstrap.useRegistryAsConfigCenterIfNecessary(DubboBootstrap.java:671)
	at org.apache.dubbo.config.bootstrap.DubboBootstrap.initialize(DubboBootstrap.java:509)
	at org.apache.dubbo.config.bootstrap.DubboBootstrap.init(DubboBootstrap.java:494)
	at org.apache.dubbo.config.ReferenceConfig.init(ReferenceConfig.java:190)
	at org.apache.dubbo.config.ReferenceConfig.get(ReferenceConfig.java:158)
	at org.apache.dubbo.config.spring.beans.factory.annotation.ReferenceAnnotationBeanPostProcessor.getOrCreateProxy(ReferenceAnnotationBeanPostProcessor.java:274)
	at org.apache.dubbo.config.spring.beans.factory.annotation.ReferenceAnnotationBeanPostProcessor.doGetInjectedBean(ReferenceAnnotationBeanPostProcessor.java:143)
	at com.alibaba.spring.beans.factory.annotation.AbstractAnnotationBeanPostProcessor.getInjectedObject(AbstractAnnotationBeanPostProcessor.java:359)
	at com.alibaba.spring.beans.factory.annotation.AbstractAnnotationBeanPostProcessor$AnnotatedFieldElement.inject(AbstractAnnotationBeanPostProcessor.java:539)
	at org.springframework.beans.factory.annotation.InjectionMetadata.inject(InjectionMetadata.java:130)
	at com.alibaba.spring.beans.factory.annotation.AbstractAnnotationBeanPostProcessor.postProcessPropertyValues(AbstractAnnotationBeanPostProcessor.java:142)
	... 17 common frames omitted
Caused by: java.lang.IllegalStateException: zookeeper not connected
	at org.apache.dubbo.remoting.zookeeper.curator.CuratorZookeeperClient.<init>(CuratorZookeeperClient.java:80)
	... 39 common frames omitted
